{"/Users/tessahayden/Desktop/Epicodus/galactic-age-calculator/src/years.js": {"path":"/Users/tessahayden/Desktop/Epicodus/galactic-age-calculator/src/years.js","statementMap":{"0":{"start":{"line":3,"column":4},"end":{"line":3,"column":27}},"1":{"start":{"line":4,"column":4},"end":{"line":4,"column":23}},"2":{"start":{"line":5,"column":4},"end":{"line":5,"column":21}},"3":{"start":{"line":6,"column":4},"end":{"line":6,"column":27}},"4":{"start":{"line":7,"column":4},"end":{"line":7,"column":23}},"5":{"start":{"line":10,"column":4},"end":{"line":10,"column":45}},"6":{"start":{"line":13,"column":4},"end":{"line":13,"column":41}},"7":{"start":{"line":16,"column":4},"end":{"line":16,"column":46}},"8":{"start":{"line":19,"column":4},"end":{"line":19,"column":43}},"9":{"start":{"line":22,"column":4},"end":{"line":22,"column":44}},"10":{"start":{"line":25,"column":18},"end":{"line":25,"column":38}},"11":{"start":{"line":26,"column":19},"end":{"line":26,"column":21}},"12":{"start":{"line":27,"column":21},"end":{"line":27,"column":46}},"13":{"start":{"line":28,"column":19},"end":{"line":28,"column":42}},"14":{"start":{"line":29,"column":18},"end":{"line":29,"column":45}},"15":{"start":{"line":30,"column":21},"end":{"line":30,"column":49}},"16":{"start":{"line":31,"column":4},"end":{"line":31,"column":30}},"17":{"start":{"line":32,"column":4},"end":{"line":32,"column":28}},"18":{"start":{"line":33,"column":4},"end":{"line":33,"column":27}},"19":{"start":{"line":34,"column":4},"end":{"line":34,"column":30}},"20":{"start":{"line":35,"column":4},"end":{"line":35,"column":20}},"21":{"start":{"line":38,"column":18},"end":{"line":38,"column":40}},"22":{"start":{"line":39,"column":19},"end":{"line":39,"column":21}},"23":{"start":{"line":40,"column":21},"end":{"line":40,"column":46}},"24":{"start":{"line":41,"column":19},"end":{"line":41,"column":42}},"25":{"start":{"line":42,"column":18},"end":{"line":42,"column":45}},"26":{"start":{"line":43,"column":21},"end":{"line":43,"column":49}},"27":{"start":{"line":44,"column":4},"end":{"line":44,"column":30}},"28":{"start":{"line":45,"column":4},"end":{"line":45,"column":28}},"29":{"start":{"line":46,"column":4},"end":{"line":46,"column":27}},"30":{"start":{"line":47,"column":4},"end":{"line":47,"column":30}},"31":{"start":{"line":48,"column":4},"end":{"line":48,"column":20}}},"fnMap":{"0":{"name":"(anonymous_0)","decl":{"start":{"line":2,"column":2},"end":{"line":2,"column":3}},"loc":{"start":{"line":2,"column":52},"end":{"line":8,"column":3}},"line":2},"1":{"name":"(anonymous_1)","decl":{"start":{"line":9,"column":2},"end":{"line":9,"column":3}},"loc":{"start":{"line":9,"column":21},"end":{"line":11,"column":3}},"line":9},"2":{"name":"(anonymous_2)","decl":{"start":{"line":12,"column":2},"end":{"line":12,"column":3}},"loc":{"start":{"line":12,"column":23},"end":{"line":14,"column":3}},"line":12},"3":{"name":"(anonymous_3)","decl":{"start":{"line":15,"column":2},"end":{"line":15,"column":3}},"loc":{"start":{"line":15,"column":19},"end":{"line":17,"column":3}},"line":15},"4":{"name":"(anonymous_4)","decl":{"start":{"line":18,"column":2},"end":{"line":18,"column":3}},"loc":{"start":{"line":18,"column":18},"end":{"line":20,"column":3}},"line":18},"5":{"name":"(anonymous_5)","decl":{"start":{"line":21,"column":2},"end":{"line":21,"column":3}},"loc":{"start":{"line":21,"column":21},"end":{"line":23,"column":3}},"line":21},"6":{"name":"(anonymous_6)","decl":{"start":{"line":24,"column":2},"end":{"line":24,"column":3}},"loc":{"start":{"line":24,"column":34},"end":{"line":36,"column":3}},"line":24},"7":{"name":"(anonymous_7)","decl":{"start":{"line":37,"column":2},"end":{"line":37,"column":3}},"loc":{"start":{"line":37,"column":35},"end":{"line":49,"column":3}},"line":37}},"branchMap":{},"s":{"0":8,"1":8,"2":8,"3":8,"4":8,"5":3,"6":1,"7":3,"8":1,"9":1,"10":1,"11":1,"12":1,"13":1,"14":1,"15":1,"16":1,"17":1,"18":1,"19":1,"20":1,"21":1,"22":1,"23":1,"24":1,"25":1,"26":1,"27":1,"28":1,"29":1,"30":1,"31":1},"f":{"0":8,"1":3,"2":1,"3":3,"4":1,"5":1,"6":1,"7":1},"b":{},"_coverageSchema":"43e27e138ebf9cfc5966b082cf9a028302ed4184","hash":"6d9b0c25030c24f26229336cbc0c684cffbb5359"}
}
