{"/Users/tessahayden/Desktop/Epicodus/galactic-age-calculator/src/years.js": {"path":"/Users/tessahayden/Desktop/Epicodus/galactic-age-calculator/src/years.js","statementMap":{"0":{"start":{"line":3,"column":8},"end":{"line":3,"column":31}},"1":{"start":{"line":4,"column":8},"end":{"line":4,"column":27}},"2":{"start":{"line":5,"column":8},"end":{"line":5,"column":25}},"3":{"start":{"line":6,"column":8},"end":{"line":6,"column":31}},"4":{"start":{"line":7,"column":8},"end":{"line":7,"column":26}},"5":{"start":{"line":10,"column":8},"end":{"line":10,"column":49}},"6":{"start":{"line":13,"column":8},"end":{"line":13,"column":50}},"7":{"start":{"line":16,"column":8},"end":{"line":16,"column":49}},"8":{"start":{"line":19,"column":8},"end":{"line":19,"column":50}},"9":{"start":{"line":22,"column":22},"end":{"line":22,"column":42}},"10":{"start":{"line":23,"column":23},"end":{"line":23,"column":25}},"11":{"start":{"line":24,"column":25},"end":{"line":24,"column":50}},"12":{"start":{"line":25,"column":23},"end":{"line":25,"column":46}},"13":{"start":{"line":26,"column":22},"end":{"line":26,"column":49}},"14":{"start":{"line":27,"column":25},"end":{"line":27,"column":53}},"15":{"start":{"line":28,"column":8},"end":{"line":28,"column":34}},"16":{"start":{"line":29,"column":8},"end":{"line":29,"column":32}},"17":{"start":{"line":30,"column":8},"end":{"line":30,"column":31}},"18":{"start":{"line":31,"column":8},"end":{"line":31,"column":34}},"19":{"start":{"line":32,"column":8},"end":{"line":32,"column":24}},"20":{"start":{"line":35,"column":22},"end":{"line":35,"column":44}},"21":{"start":{"line":36,"column":23},"end":{"line":36,"column":25}},"22":{"start":{"line":37,"column":25},"end":{"line":37,"column":50}},"23":{"start":{"line":38,"column":23},"end":{"line":38,"column":46}},"24":{"start":{"line":39,"column":22},"end":{"line":39,"column":49}},"25":{"start":{"line":40,"column":25},"end":{"line":40,"column":53}},"26":{"start":{"line":41,"column":8},"end":{"line":41,"column":34}},"27":{"start":{"line":42,"column":8},"end":{"line":42,"column":32}},"28":{"start":{"line":43,"column":8},"end":{"line":43,"column":31}},"29":{"start":{"line":44,"column":8},"end":{"line":44,"column":34}},"30":{"start":{"line":45,"column":8},"end":{"line":45,"column":24}}},"fnMap":{"0":{"name":"(anonymous_0)","decl":{"start":{"line":2,"column":4},"end":{"line":2,"column":5}},"loc":{"start":{"line":2,"column":54},"end":{"line":8,"column":5}},"line":2},"1":{"name":"(anonymous_1)","decl":{"start":{"line":9,"column":4},"end":{"line":9,"column":5}},"loc":{"start":{"line":9,"column":23},"end":{"line":11,"column":5}},"line":9},"2":{"name":"(anonymous_2)","decl":{"start":{"line":12,"column":4},"end":{"line":12,"column":5}},"loc":{"start":{"line":12,"column":21},"end":{"line":14,"column":5}},"line":12},"3":{"name":"(anonymous_3)","decl":{"start":{"line":15,"column":4},"end":{"line":15,"column":5}},"loc":{"start":{"line":15,"column":20},"end":{"line":17,"column":5}},"line":15},"4":{"name":"(anonymous_4)","decl":{"start":{"line":18,"column":4},"end":{"line":18,"column":5}},"loc":{"start":{"line":18,"column":23},"end":{"line":20,"column":5}},"line":18},"5":{"name":"(anonymous_5)","decl":{"start":{"line":21,"column":4},"end":{"line":21,"column":5}},"loc":{"start":{"line":21,"column":36},"end":{"line":33,"column":5}},"line":21},"6":{"name":"(anonymous_6)","decl":{"start":{"line":34,"column":4},"end":{"line":34,"column":5}},"loc":{"start":{"line":34,"column":37},"end":{"line":46,"column":5}},"line":34}},"branchMap":{},"s":{"0":7,"1":7,"2":7,"3":7,"4":7,"5":3,"6":3,"7":1,"8":1,"9":1,"10":1,"11":1,"12":1,"13":1,"14":1,"15":1,"16":1,"17":1,"18":1,"19":1,"20":1,"21":1,"22":1,"23":1,"24":1,"25":1,"26":1,"27":1,"28":1,"29":1,"30":1},"f":{"0":7,"1":3,"2":3,"3":1,"4":1,"5":1,"6":1},"b":{},"_coverageSchema":"43e27e138ebf9cfc5966b082cf9a028302ed4184","hash":"b401cfeb908d25aa67f685ae251482353b469df7"}
}
